CRITICAL - 2022-06-06 23:10:51 --> Invalid file: back/administrador/miAdmUserInactivos.php
#0 C:\xampp\htdocs\jacqueline\system\View\View.php(198): CodeIgniter\Exceptions\FrameworkException::forInvalidFile('back/administra...')
#1 C:\xampp\htdocs\jacqueline\system\Common.php(1089): CodeIgniter\View\View->render('back/administra...', Array, true)
#2 C:\xampp\htdocs\jacqueline\app\Controllers\Home.php(127): view('back/administra...')
#3 C:\xampp\htdocs\jacqueline\system\CodeIgniter.php(832): App\Controllers\Home->miAdmUserInactivos()
#4 C:\xampp\htdocs\jacqueline\system\CodeIgniter.php(419): CodeIgniter\CodeIgniter->runController(Object(App\Controllers\Home))
#5 C:\xampp\htdocs\jacqueline\system\CodeIgniter.php(326): CodeIgniter\CodeIgniter->handleRequest(NULL, Object(Config\Cache), false)
#6 C:\xampp\htdocs\jacqueline\index.php(37): CodeIgniter\CodeIgniter->run()
#7 {main}
CRITICAL - 2022-06-06 23:13:04 --> Invalid file: back/administrador/miAdmUserInactivos.php
#0 C:\xampp\htdocs\jacqueline\system\View\View.php(198): CodeIgniter\Exceptions\FrameworkException::forInvalidFile('back/administra...')
#1 C:\xampp\htdocs\jacqueline\system\Common.php(1089): CodeIgniter\View\View->render('back/administra...', Array, true)
#2 C:\xampp\htdocs\jacqueline\app\Controllers\Home.php(127): view('back/administra...')
#3 C:\xampp\htdocs\jacqueline\system\CodeIgniter.php(832): App\Controllers\Home->UserInactivos()
#4 C:\xampp\htdocs\jacqueline\system\CodeIgniter.php(419): CodeIgniter\CodeIgniter->runController(Object(App\Controllers\Home))
#5 C:\xampp\htdocs\jacqueline\system\CodeIgniter.php(326): CodeIgniter\CodeIgniter->handleRequest(NULL, Object(Config\Cache), false)
#6 C:\xampp\htdocs\jacqueline\index.php(37): CodeIgniter\CodeIgniter->run()
#7 {main}
CRITICAL - 2022-06-06 23:14:53 --> Invalid file: back/administrador/miAdmUserInactivos.php
#0 C:\xampp\htdocs\jacqueline\system\View\View.php(198): CodeIgniter\Exceptions\FrameworkException::forInvalidFile('back/administra...')
#1 C:\xampp\htdocs\jacqueline\system\Common.php(1089): CodeIgniter\View\View->render('back/administra...', Array, true)
#2 C:\xampp\htdocs\jacqueline\app\Controllers\Home.php(127): view('back/administra...')
#3 C:\xampp\htdocs\jacqueline\system\CodeIgniter.php(832): App\Controllers\Home->UserInactivos()
#4 C:\xampp\htdocs\jacqueline\system\CodeIgniter.php(419): CodeIgniter\CodeIgniter->runController(Object(App\Controllers\Home))
#5 C:\xampp\htdocs\jacqueline\system\CodeIgniter.php(326): CodeIgniter\CodeIgniter->handleRequest(NULL, Object(Config\Cache), false)
#6 C:\xampp\htdocs\jacqueline\index.php(37): CodeIgniter\CodeIgniter->run()
#7 {main}
CRITICAL - 2022-06-06 23:15:00 --> Invalid file: back/administrador/miAdmUserInactivos.php
#0 C:\xampp\htdocs\jacqueline\system\View\View.php(198): CodeIgniter\Exceptions\FrameworkException::forInvalidFile('back/administra...')
#1 C:\xampp\htdocs\jacqueline\system\Common.php(1089): CodeIgniter\View\View->render('back/administra...', Array, true)
#2 C:\xampp\htdocs\jacqueline\app\Controllers\Home.php(127): view('back/administra...')
#3 C:\xampp\htdocs\jacqueline\system\CodeIgniter.php(832): App\Controllers\Home->UserInactivos()
#4 C:\xampp\htdocs\jacqueline\system\CodeIgniter.php(419): CodeIgniter\CodeIgniter->runController(Object(App\Controllers\Home))
#5 C:\xampp\htdocs\jacqueline\system\CodeIgniter.php(326): CodeIgniter\CodeIgniter->handleRequest(NULL, Object(Config\Cache), false)
#6 C:\xampp\htdocs\jacqueline\index.php(37): CodeIgniter\CodeIgniter->run()
#7 {main}
