CRITICAL - 2022-06-04 14:23:56 --> Cannot use object of type stdClass as array
#0 C:\xampp\htdocs\jacqueline\system\View\View.php(210): include()
#1 C:\xampp\htdocs\jacqueline\system\View\View.php(213): CodeIgniter\View\View->CodeIgniter\View\{closure}()
#2 C:\xampp\htdocs\jacqueline\system\Common.php(1089): CodeIgniter\View\View->render('back/administra...', Array, true)
#3 C:\xampp\htdocs\jacqueline\app\Controllers\Usuario_crud_controller.php(21): view('back/administra...', Array)
#4 C:\xampp\htdocs\jacqueline\system\CodeIgniter.php(832): App\Controllers\Usuario_crud_controller->miAdmVerUsuariosActivos()
#5 C:\xampp\htdocs\jacqueline\system\CodeIgniter.php(419): CodeIgniter\CodeIgniter->runController(Object(App\Controllers\Usuario_crud_controller))
#6 C:\xampp\htdocs\jacqueline\system\CodeIgniter.php(326): CodeIgniter\CodeIgniter->handleRequest(NULL, Object(Config\Cache), false)
#7 C:\xampp\htdocs\jacqueline\index.php(37): CodeIgniter\CodeIgniter->run()
#8 {main}
CRITICAL - 2022-06-04 14:24:01 --> Cannot use object of type stdClass as array
#0 C:\xampp\htdocs\jacqueline\system\View\View.php(210): include()
#1 C:\xampp\htdocs\jacqueline\system\View\View.php(213): CodeIgniter\View\View->CodeIgniter\View\{closure}()
#2 C:\xampp\htdocs\jacqueline\system\Common.php(1089): CodeIgniter\View\View->render('back/administra...', Array, true)
#3 C:\xampp\htdocs\jacqueline\app\Controllers\Usuario_crud_controller.php(21): view('back/administra...', Array)
#4 C:\xampp\htdocs\jacqueline\system\CodeIgniter.php(832): App\Controllers\Usuario_crud_controller->miAdmVerUsuariosActivos()
#5 C:\xampp\htdocs\jacqueline\system\CodeIgniter.php(419): CodeIgniter\CodeIgniter->runController(Object(App\Controllers\Usuario_crud_controller))
#6 C:\xampp\htdocs\jacqueline\system\CodeIgniter.php(326): CodeIgniter\CodeIgniter->handleRequest(NULL, Object(Config\Cache), false)
#7 C:\xampp\htdocs\jacqueline\index.php(37): CodeIgniter\CodeIgniter->run()
#8 {main}
CRITICAL - 2022-06-04 14:36:38 --> Undefined variable: nombre
#0 C:\xampp\htdocs\jacqueline\app\Views\front\navBar.php(31): CodeIgniter\Debug\Exceptions->errorHandler(8, 'Undefined varia...', 'C:\\xampp\\htdocs...', 31, Array)
#1 C:\xampp\htdocs\jacqueline\system\View\View.php(210): include('C:\\xampp\\htdocs...')
#2 C:\xampp\htdocs\jacqueline\system\View\View.php(213): CodeIgniter\View\View->CodeIgniter\View\{closure}()
#3 C:\xampp\htdocs\jacqueline\system\Common.php(1089): CodeIgniter\View\View->render('front/navbar', Array, true)
#4 C:\xampp\htdocs\jacqueline\app\Controllers\Usuario_crud_controller.php(20): view('front/navbar')
#5 C:\xampp\htdocs\jacqueline\system\CodeIgniter.php(832): App\Controllers\Usuario_crud_controller->miAdmVerUsuariosActivos()
#6 C:\xampp\htdocs\jacqueline\system\CodeIgniter.php(419): CodeIgniter\CodeIgniter->runController(Object(App\Controllers\Usuario_crud_controller))
#7 C:\xampp\htdocs\jacqueline\system\CodeIgniter.php(326): CodeIgniter\CodeIgniter->handleRequest(NULL, Object(Config\Cache), false)
#8 C:\xampp\htdocs\jacqueline\index.php(37): CodeIgniter\CodeIgniter->run()
#9 {main}
CRITICAL - 2022-06-04 14:38:12 --> Undefined variable: nombre
#0 C:\xampp\htdocs\jacqueline\app\Views\front\navBar.php(31): CodeIgniter\Debug\Exceptions->errorHandler(8, 'Undefined varia...', 'C:\\xampp\\htdocs...', 31, Array)
#1 C:\xampp\htdocs\jacqueline\system\View\View.php(210): include('C:\\xampp\\htdocs...')
#2 C:\xampp\htdocs\jacqueline\system\View\View.php(213): CodeIgniter\View\View->CodeIgniter\View\{closure}()
#3 C:\xampp\htdocs\jacqueline\system\Common.php(1089): CodeIgniter\View\View->render('front/navbar', Array, true)
#4 C:\xampp\htdocs\jacqueline\app\Controllers\Usuario_crud_controller.php(20): view('front/navbar')
#5 C:\xampp\htdocs\jacqueline\system\CodeIgniter.php(832): App\Controllers\Usuario_crud_controller->miAdmVerUsuariosActivos()
#6 C:\xampp\htdocs\jacqueline\system\CodeIgniter.php(419): CodeIgniter\CodeIgniter->runController(Object(App\Controllers\Usuario_crud_controller))
#7 C:\xampp\htdocs\jacqueline\system\CodeIgniter.php(326): CodeIgniter\CodeIgniter->handleRequest(NULL, Object(Config\Cache), false)
#8 C:\xampp\htdocs\jacqueline\index.php(37): CodeIgniter\CodeIgniter->run()
#9 {main}
CRITICAL - 2022-06-04 14:55:18 --> Undefined variable: nombre
#0 C:\xampp\htdocs\jacqueline\app\Views\front\navBar.php(31): CodeIgniter\Debug\Exceptions->errorHandler(8, 'Undefined varia...', 'C:\\xampp\\htdocs...', 31, Array)
#1 C:\xampp\htdocs\jacqueline\system\View\View.php(210): include('C:\\xampp\\htdocs...')
#2 C:\xampp\htdocs\jacqueline\system\View\View.php(213): CodeIgniter\View\View->CodeIgniter\View\{closure}()
#3 C:\xampp\htdocs\jacqueline\system\Common.php(1089): CodeIgniter\View\View->render('front/navbar', Array, true)
#4 C:\xampp\htdocs\jacqueline\app\Controllers\Usuario_crud_controller.php(20): view('front/navbar')
#5 C:\xampp\htdocs\jacqueline\system\CodeIgniter.php(832): App\Controllers\Usuario_crud_controller->miAdmVerUsuariosActivos()
#6 C:\xampp\htdocs\jacqueline\system\CodeIgniter.php(419): CodeIgniter\CodeIgniter->runController(Object(App\Controllers\Usuario_crud_controller))
#7 C:\xampp\htdocs\jacqueline\system\CodeIgniter.php(326): CodeIgniter\CodeIgniter->handleRequest(NULL, Object(Config\Cache), false)
#8 C:\xampp\htdocs\jacqueline\index.php(37): CodeIgniter\CodeIgniter->run()
#9 {main}
CRITICAL - 2022-06-04 15:00:51 --> Undefined variable: usuarios
#0 C:\xampp\htdocs\jacqueline\app\Views\front\navBar.php(31): CodeIgniter\Debug\Exceptions->errorHandler(8, 'Undefined varia...', 'C:\\xampp\\htdocs...', 31, Array)
#1 C:\xampp\htdocs\jacqueline\system\View\View.php(210): include('C:\\xampp\\htdocs...')
#2 C:\xampp\htdocs\jacqueline\system\View\View.php(213): CodeIgniter\View\View->CodeIgniter\View\{closure}()
#3 C:\xampp\htdocs\jacqueline\system\Common.php(1089): CodeIgniter\View\View->render('front/navbar', Array, true)
#4 C:\xampp\htdocs\jacqueline\app\Controllers\Usuario_crud_controller.php(20): view('front/navbar')
#5 C:\xampp\htdocs\jacqueline\system\CodeIgniter.php(832): App\Controllers\Usuario_crud_controller->miAdmVerUsuariosActivos()
#6 C:\xampp\htdocs\jacqueline\system\CodeIgniter.php(419): CodeIgniter\CodeIgniter->runController(Object(App\Controllers\Usuario_crud_controller))
#7 C:\xampp\htdocs\jacqueline\system\CodeIgniter.php(326): CodeIgniter\CodeIgniter->handleRequest(NULL, Object(Config\Cache), false)
#8 C:\xampp\htdocs\jacqueline\index.php(37): CodeIgniter\CodeIgniter->run()
#9 {main}
CRITICAL - 2022-06-04 18:05:16 --> Invalid file: font/navbar.php
#0 C:\xampp\htdocs\jacqueline\system\View\View.php(198): CodeIgniter\Exceptions\FrameworkException::forInvalidFile('font/navbar.php')
#1 C:\xampp\htdocs\jacqueline\system\Common.php(1089): CodeIgniter\View\View->render('font/navbar', Array, true)
#2 C:\xampp\htdocs\jacqueline\app\Controllers\Usuario_crud_controller.php(28): view('font/navbar')
#3 C:\xampp\htdocs\jacqueline\system\CodeIgniter.php(832): App\Controllers\Usuario_crud_controller->miAdmVerUsuariosActivos()
#4 C:\xampp\htdocs\jacqueline\system\CodeIgniter.php(419): CodeIgniter\CodeIgniter->runController(Object(App\Controllers\Usuario_crud_controller))
#5 C:\xampp\htdocs\jacqueline\system\CodeIgniter.php(326): CodeIgniter\CodeIgniter->handleRequest(NULL, Object(Config\Cache), false)
#6 C:\xampp\htdocs\jacqueline\index.php(37): CodeIgniter\CodeIgniter->run()
#7 {main}
CRITICAL - 2022-06-04 18:06:00 --> Invalid file: font/navbar.php
#0 C:\xampp\htdocs\jacqueline\system\View\View.php(198): CodeIgniter\Exceptions\FrameworkException::forInvalidFile('font/navbar.php')
#1 C:\xampp\htdocs\jacqueline\system\Common.php(1089): CodeIgniter\View\View->render('font/navbar', Array, true)
#2 C:\xampp\htdocs\jacqueline\app\Controllers\Usuario_crud_controller.php(28): view('font/navbar')
#3 C:\xampp\htdocs\jacqueline\system\CodeIgniter.php(832): App\Controllers\Usuario_crud_controller->miAdmVerUsuariosActivos()
#4 C:\xampp\htdocs\jacqueline\system\CodeIgniter.php(419): CodeIgniter\CodeIgniter->runController(Object(App\Controllers\Usuario_crud_controller))
#5 C:\xampp\htdocs\jacqueline\system\CodeIgniter.php(326): CodeIgniter\CodeIgniter->handleRequest(NULL, Object(Config\Cache), false)
#6 C:\xampp\htdocs\jacqueline\index.php(37): CodeIgniter\CodeIgniter->run()
#7 {main}
CRITICAL - 2022-06-04 18:06:36 --> Invalid file: back/cliente/login.php
#0 C:\xampp\htdocs\jacqueline\system\View\View.php(198): CodeIgniter\Exceptions\FrameworkException::forInvalidFile('back/cliente/lo...')
#1 C:\xampp\htdocs\jacqueline\system\Common.php(1089): CodeIgniter\View\View->render('back/cliente/lo...', Array, true)
#2 C:\xampp\htdocs\jacqueline\app\Controllers\Usuario_crud_controller.php(27): view('back/cliente/lo...')
#3 C:\xampp\htdocs\jacqueline\system\CodeIgniter.php(832): App\Controllers\Usuario_crud_controller->miAdmVerUsuariosActivos()
#4 C:\xampp\htdocs\jacqueline\system\CodeIgniter.php(419): CodeIgniter\CodeIgniter->runController(Object(App\Controllers\Usuario_crud_controller))
#5 C:\xampp\htdocs\jacqueline\system\CodeIgniter.php(326): CodeIgniter\CodeIgniter->handleRequest(NULL, Object(Config\Cache), false)
#6 C:\xampp\htdocs\jacqueline\index.php(37): CodeIgniter\CodeIgniter->run()
#7 {main}
CRITICAL - 2022-06-04 18:07:14 --> Invalid file: back/cliente/login.php
#0 C:\xampp\htdocs\jacqueline\system\View\View.php(198): CodeIgniter\Exceptions\FrameworkException::forInvalidFile('back/cliente/lo...')
#1 C:\xampp\htdocs\jacqueline\system\Common.php(1089): CodeIgniter\View\View->render('back/cliente/lo...', Array, true)
#2 C:\xampp\htdocs\jacqueline\app\Controllers\Usuario_crud_controller.php(27): view('back/cliente/lo...')
#3 C:\xampp\htdocs\jacqueline\system\CodeIgniter.php(832): App\Controllers\Usuario_crud_controller->miAdmVerUsuariosActivos()
#4 C:\xampp\htdocs\jacqueline\system\CodeIgniter.php(419): CodeIgniter\CodeIgniter->runController(Object(App\Controllers\Usuario_crud_controller))
#5 C:\xampp\htdocs\jacqueline\system\CodeIgniter.php(326): CodeIgniter\CodeIgniter->handleRequest(NULL, Object(Config\Cache), false)
#6 C:\xampp\htdocs\jacqueline\index.php(37): CodeIgniter\CodeIgniter->run()
#7 {main}
CRITICAL - 2022-06-04 22:42:30 --> Invalid file: back/cliente/login.php
#0 C:\xampp\htdocs\jacqueline\system\View\View.php(198): CodeIgniter\Exceptions\FrameworkException::forInvalidFile('back/cliente/lo...')
#1 C:\xampp\htdocs\jacqueline\system\Common.php(1089): CodeIgniter\View\View->render('back/cliente/lo...', Array, true)
#2 C:\xampp\htdocs\jacqueline\app\Controllers\Usuario_crud_controller.php(27): view('back/cliente/lo...')
#3 C:\xampp\htdocs\jacqueline\system\CodeIgniter.php(832): App\Controllers\Usuario_crud_controller->miAdmVerUsuariosActivos()
#4 C:\xampp\htdocs\jacqueline\system\CodeIgniter.php(419): CodeIgniter\CodeIgniter->runController(Object(App\Controllers\Usuario_crud_controller))
#5 C:\xampp\htdocs\jacqueline\system\CodeIgniter.php(326): CodeIgniter\CodeIgniter->handleRequest(NULL, Object(Config\Cache), false)
#6 C:\xampp\htdocs\jacqueline\index.php(37): CodeIgniter\CodeIgniter->run()
#7 {main}
CRITICAL - 2022-06-04 22:42:36 --> Invalid file: back/cliente/login.php
#0 C:\xampp\htdocs\jacqueline\system\View\View.php(198): CodeIgniter\Exceptions\FrameworkException::forInvalidFile('back/cliente/lo...')
#1 C:\xampp\htdocs\jacqueline\system\Common.php(1089): CodeIgniter\View\View->render('back/cliente/lo...', Array, true)
#2 C:\xampp\htdocs\jacqueline\app\Controllers\Usuario_crud_controller.php(27): view('back/cliente/lo...')
#3 C:\xampp\htdocs\jacqueline\system\CodeIgniter.php(832): App\Controllers\Usuario_crud_controller->miAdmVerUsuariosActivos()
#4 C:\xampp\htdocs\jacqueline\system\CodeIgniter.php(419): CodeIgniter\CodeIgniter->runController(Object(App\Controllers\Usuario_crud_controller))
#5 C:\xampp\htdocs\jacqueline\system\CodeIgniter.php(326): CodeIgniter\CodeIgniter->handleRequest(NULL, Object(Config\Cache), false)
#6 C:\xampp\htdocs\jacqueline\index.php(37): CodeIgniter\CodeIgniter->run()
#7 {main}
CRITICAL - 2022-06-04 23:53:01 --> Undefined variable: row
#0 C:\xampp\htdocs\jacqueline\app\Views\back\administrador\productoLista.php(56): CodeIgniter\Debug\Exceptions->errorHandler(8, 'Undefined varia...', 'C:\\xampp\\htdocs...', 56, Array)
#1 C:\xampp\htdocs\jacqueline\system\View\View.php(210): include('C:\\xampp\\htdocs...')
#2 C:\xampp\htdocs\jacqueline\system\View\View.php(213): CodeIgniter\View\View->CodeIgniter\View\{closure}()
#3 C:\xampp\htdocs\jacqueline\system\Common.php(1089): CodeIgniter\View\View->render('back/administra...', Array, true)
#4 C:\xampp\htdocs\jacqueline\app\Controllers\Home.php(147): view('back/administra...')
#5 C:\xampp\htdocs\jacqueline\system\CodeIgniter.php(832): App\Controllers\Home->productos()
#6 C:\xampp\htdocs\jacqueline\system\CodeIgniter.php(419): CodeIgniter\CodeIgniter->runController(Object(App\Controllers\Home))
#7 C:\xampp\htdocs\jacqueline\system\CodeIgniter.php(326): CodeIgniter\CodeIgniter->handleRequest(NULL, Object(Config\Cache), false)
#8 C:\xampp\htdocs\jacqueline\index.php(37): CodeIgniter\CodeIgniter->run()
#9 {main}
CRITICAL - 2022-06-04 23:53:41 --> Undefined variable: datos
#0 C:\xampp\htdocs\jacqueline\app\Views\back\administrador\productoLista.php(55): CodeIgniter\Debug\Exceptions->errorHandler(8, 'Undefined varia...', 'C:\\xampp\\htdocs...', 55, Array)
#1 C:\xampp\htdocs\jacqueline\system\View\View.php(210): include('C:\\xampp\\htdocs...')
#2 C:\xampp\htdocs\jacqueline\system\View\View.php(213): CodeIgniter\View\View->CodeIgniter\View\{closure}()
#3 C:\xampp\htdocs\jacqueline\system\Common.php(1089): CodeIgniter\View\View->render('back/administra...', Array, true)
#4 C:\xampp\htdocs\jacqueline\app\Controllers\Home.php(147): view('back/administra...')
#5 C:\xampp\htdocs\jacqueline\system\CodeIgniter.php(832): App\Controllers\Home->productos()
#6 C:\xampp\htdocs\jacqueline\system\CodeIgniter.php(419): CodeIgniter\CodeIgniter->runController(Object(App\Controllers\Home))
#7 C:\xampp\htdocs\jacqueline\system\CodeIgniter.php(326): CodeIgniter\CodeIgniter->handleRequest(NULL, Object(Config\Cache), false)
#8 C:\xampp\htdocs\jacqueline\index.php(37): CodeIgniter\CodeIgniter->run()
#9 {main}
CRITICAL - 2022-06-04 23:55:12 --> Undefined variable: datosp
#0 C:\xampp\htdocs\jacqueline\app\Views\back\administrador\productoLista.php(55): CodeIgniter\Debug\Exceptions->errorHandler(8, 'Undefined varia...', 'C:\\xampp\\htdocs...', 55, Array)
#1 C:\xampp\htdocs\jacqueline\system\View\View.php(210): include('C:\\xampp\\htdocs...')
#2 C:\xampp\htdocs\jacqueline\system\View\View.php(213): CodeIgniter\View\View->CodeIgniter\View\{closure}()
#3 C:\xampp\htdocs\jacqueline\system\Common.php(1089): CodeIgniter\View\View->render('back/administra...', Array, true)
#4 C:\xampp\htdocs\jacqueline\app\Controllers\Home.php(147): view('back/administra...')
#5 C:\xampp\htdocs\jacqueline\system\CodeIgniter.php(832): App\Controllers\Home->productos()
#6 C:\xampp\htdocs\jacqueline\system\CodeIgniter.php(419): CodeIgniter\CodeIgniter->runController(Object(App\Controllers\Home))
#7 C:\xampp\htdocs\jacqueline\system\CodeIgniter.php(326): CodeIgniter\CodeIgniter->handleRequest(NULL, Object(Config\Cache), false)
#8 C:\xampp\htdocs\jacqueline\index.php(37): CodeIgniter\CodeIgniter->run()
#9 {main}
