CRITICAL - 2022-06-05 00:18:23 --> Undefined variable: datosp
#0 C:\xampp\htdocs\jacqueline\app\Views\back\administrador\productoLista.php(55): CodeIgniter\Debug\Exceptions->errorHandler(8, 'Undefined varia...', 'C:\\xampp\\htdocs...', 55, Array)
#1 C:\xampp\htdocs\jacqueline\system\View\View.php(210): include('C:\\xampp\\htdocs...')
#2 C:\xampp\htdocs\jacqueline\system\View\View.php(213): CodeIgniter\View\View->CodeIgniter\View\{closure}()
#3 C:\xampp\htdocs\jacqueline\system\Common.php(1089): CodeIgniter\View\View->render('back/administra...', Array, true)
#4 C:\xampp\htdocs\jacqueline\app\Controllers\Home.php(147): view('back/administra...')
#5 C:\xampp\htdocs\jacqueline\system\CodeIgniter.php(832): App\Controllers\Home->productos()
#6 C:\xampp\htdocs\jacqueline\system\CodeIgniter.php(419): CodeIgniter\CodeIgniter->runController(Object(App\Controllers\Home))
#7 C:\xampp\htdocs\jacqueline\system\CodeIgniter.php(326): CodeIgniter\CodeIgniter->handleRequest(NULL, Object(Config\Cache), false)
#8 C:\xampp\htdocs\jacqueline\index.php(37): CodeIgniter\CodeIgniter->run()
#9 {main}
CRITICAL - 2022-06-05 00:18:43 --> Undefined variable: datosp
#0 C:\xampp\htdocs\jacqueline\app\Views\back\administrador\productoLista.php(55): CodeIgniter\Debug\Exceptions->errorHandler(8, 'Undefined varia...', 'C:\\xampp\\htdocs...', 55, Array)
#1 C:\xampp\htdocs\jacqueline\system\View\View.php(210): include('C:\\xampp\\htdocs...')
#2 C:\xampp\htdocs\jacqueline\system\View\View.php(213): CodeIgniter\View\View->CodeIgniter\View\{closure}()
#3 C:\xampp\htdocs\jacqueline\system\Common.php(1089): CodeIgniter\View\View->render('back/administra...', Array, true)
#4 C:\xampp\htdocs\jacqueline\app\Controllers\Home.php(147): view('back/administra...')
#5 C:\xampp\htdocs\jacqueline\system\CodeIgniter.php(832): App\Controllers\Home->productos()
#6 C:\xampp\htdocs\jacqueline\system\CodeIgniter.php(419): CodeIgniter\CodeIgniter->runController(Object(App\Controllers\Home))
#7 C:\xampp\htdocs\jacqueline\system\CodeIgniter.php(326): CodeIgniter\CodeIgniter->handleRequest(NULL, Object(Config\Cache), false)
#8 C:\xampp\htdocs\jacqueline\index.php(37): CodeIgniter\CodeIgniter->run()
#9 {main}
CRITICAL - 2022-06-05 12:23:22 --> Undefined variable: datosp
#0 C:\xampp\htdocs\jacqueline\app\Views\back\administrador\productoLista.php(55): CodeIgniter\Debug\Exceptions->errorHandler(8, 'Undefined varia...', 'C:\\xampp\\htdocs...', 55, Array)
#1 C:\xampp\htdocs\jacqueline\system\View\View.php(210): include('C:\\xampp\\htdocs...')
#2 C:\xampp\htdocs\jacqueline\system\View\View.php(213): CodeIgniter\View\View->CodeIgniter\View\{closure}()
#3 C:\xampp\htdocs\jacqueline\system\Common.php(1089): CodeIgniter\View\View->render('back/administra...', Array, true)
#4 C:\xampp\htdocs\jacqueline\app\Controllers\Home.php(147): view('back/administra...')
#5 C:\xampp\htdocs\jacqueline\system\CodeIgniter.php(832): App\Controllers\Home->productos()
#6 C:\xampp\htdocs\jacqueline\system\CodeIgniter.php(419): CodeIgniter\CodeIgniter->runController(Object(App\Controllers\Home))
#7 C:\xampp\htdocs\jacqueline\system\CodeIgniter.php(326): CodeIgniter\CodeIgniter->handleRequest(NULL, Object(Config\Cache), false)
#8 C:\xampp\htdocs\jacqueline\index.php(37): CodeIgniter\CodeIgniter->run()
#9 {main}
CRITICAL - 2022-06-05 12:34:14 --> Undefined variable: datos
#0 C:\xampp\htdocs\jacqueline\app\Views\back\administrador\miAdmVerUsuariosActivos.php(36): CodeIgniter\Debug\Exceptions->errorHandler(8, 'Undefined varia...', 'C:\\xampp\\htdocs...', 36, Array)
#1 C:\xampp\htdocs\jacqueline\system\View\View.php(210): include('C:\\xampp\\htdocs...')
#2 C:\xampp\htdocs\jacqueline\system\View\View.php(213): CodeIgniter\View\View->CodeIgniter\View\{closure}()
#3 C:\xampp\htdocs\jacqueline\system\Common.php(1089): CodeIgniter\View\View->render('back/administra...', Array, true)
#4 C:\xampp\htdocs\jacqueline\app\Controllers\Usuario_crud_controller.php(19): view('back/administra...', Array)
#5 C:\xampp\htdocs\jacqueline\system\CodeIgniter.php(832): App\Controllers\Usuario_crud_controller->miAdmVerUsuariosActivos()
#6 C:\xampp\htdocs\jacqueline\system\CodeIgniter.php(419): CodeIgniter\CodeIgniter->runController(Object(App\Controllers\Usuario_crud_controller))
#7 C:\xampp\htdocs\jacqueline\system\CodeIgniter.php(326): CodeIgniter\CodeIgniter->handleRequest(NULL, Object(Config\Cache), false)
#8 C:\xampp\htdocs\jacqueline\index.php(37): CodeIgniter\CodeIgniter->run()
#9 {main}
CRITICAL - 2022-06-05 12:35:40 --> Undefined variable: datosp
#0 C:\xampp\htdocs\jacqueline\app\Views\back\administrador\productoLista.php(55): CodeIgniter\Debug\Exceptions->errorHandler(8, 'Undefined varia...', 'C:\\xampp\\htdocs...', 55, Array)
#1 C:\xampp\htdocs\jacqueline\system\View\View.php(210): include('C:\\xampp\\htdocs...')
#2 C:\xampp\htdocs\jacqueline\system\View\View.php(213): CodeIgniter\View\View->CodeIgniter\View\{closure}()
#3 C:\xampp\htdocs\jacqueline\system\Common.php(1089): CodeIgniter\View\View->render('back/administra...', Array, true)
#4 C:\xampp\htdocs\jacqueline\app\Controllers\Home.php(147): view('back/administra...')
#5 C:\xampp\htdocs\jacqueline\system\CodeIgniter.php(832): App\Controllers\Home->productos()
#6 C:\xampp\htdocs\jacqueline\system\CodeIgniter.php(419): CodeIgniter\CodeIgniter->runController(Object(App\Controllers\Home))
#7 C:\xampp\htdocs\jacqueline\system\CodeIgniter.php(326): CodeIgniter\CodeIgniter->handleRequest(NULL, Object(Config\Cache), false)
#8 C:\xampp\htdocs\jacqueline\index.php(37): CodeIgniter\CodeIgniter->run()
#9 {main}
