CRITICAL - 2022-06-08 17:38:44 --> Trying to access array offset on value of type null
#0 C:\xampp\htdocs\jacqueline\app\Views\back\administrador\modificarUser.php(17): CodeIgniter\Debug\Exceptions->errorHandler(8, 'Trying to acces...', 'C:\\xampp\\htdocs...', 17, Array)
#1 C:\xampp\htdocs\jacqueline\system\View\View.php(210): include('C:\\xampp\\htdocs...')
#2 C:\xampp\htdocs\jacqueline\system\View\View.php(213): CodeIgniter\View\View->CodeIgniter\View\{closure}()
#3 C:\xampp\htdocs\jacqueline\system\Common.php(1089): CodeIgniter\View\View->render('back/administra...', Array, true)
#4 C:\xampp\htdocs\jacqueline\app\Controllers\Usuario_crud_controller.php(91): view('back/administra...', Array)
#5 C:\xampp\htdocs\jacqueline\system\CodeIgniter.php(832): App\Controllers\Usuario_crud_controller->fetch_single_data('2')
#6 C:\xampp\htdocs\jacqueline\system\CodeIgniter.php(419): CodeIgniter\CodeIgniter->runController(Object(App\Controllers\Usuario_crud_controller))
#7 C:\xampp\htdocs\jacqueline\system\CodeIgniter.php(326): CodeIgniter\CodeIgniter->handleRequest(NULL, Object(Config\Cache), false)
#8 C:\xampp\htdocs\jacqueline\index.php(37): CodeIgniter\CodeIgniter->run()
#9 {main}
CRITICAL - 2022-06-08 17:38:44 --> Trying to access array offset on value of type null
#0 C:\xampp\htdocs\jacqueline\app\Views\back\administrador\modificarUser.php(17): CodeIgniter\Debug\Exceptions->errorHandler(8, 'Trying to acces...', 'C:\\xampp\\htdocs...', 17, Array)
#1 C:\xampp\htdocs\jacqueline\system\View\View.php(210): include('C:\\xampp\\htdocs...')
#2 C:\xampp\htdocs\jacqueline\system\View\View.php(213): CodeIgniter\View\View->CodeIgniter\View\{closure}()
#3 C:\xampp\htdocs\jacqueline\system\Common.php(1089): CodeIgniter\View\View->render('back/administra...', Array, true)
#4 C:\xampp\htdocs\jacqueline\app\Controllers\Usuario_crud_controller.php(91): view('back/administra...', Array)
#5 C:\xampp\htdocs\jacqueline\system\CodeIgniter.php(832): App\Controllers\Usuario_crud_controller->fetch_single_data('public', 'assets', 'css', 'bootstrap.min.c...')
#6 C:\xampp\htdocs\jacqueline\system\CodeIgniter.php(419): CodeIgniter\CodeIgniter->runController(Object(App\Controllers\Usuario_crud_controller))
#7 C:\xampp\htdocs\jacqueline\system\CodeIgniter.php(326): CodeIgniter\CodeIgniter->handleRequest(NULL, Object(Config\Cache), false)
#8 C:\xampp\htdocs\jacqueline\index.php(37): CodeIgniter\CodeIgniter->run()
#9 {main}
CRITICAL - 2022-06-08 17:38:44 --> Trying to access array offset on value of type null
#0 C:\xampp\htdocs\jacqueline\app\Views\back\administrador\modificarUser.php(17): CodeIgniter\Debug\Exceptions->errorHandler(8, 'Trying to acces...', 'C:\\xampp\\htdocs...', 17, Array)
#1 C:\xampp\htdocs\jacqueline\system\View\View.php(210): include('C:\\xampp\\htdocs...')
#2 C:\xampp\htdocs\jacqueline\system\View\View.php(213): CodeIgniter\View\View->CodeIgniter\View\{closure}()
#3 C:\xampp\htdocs\jacqueline\system\Common.php(1089): CodeIgniter\View\View->render('back/administra...', Array, true)
#4 C:\xampp\htdocs\jacqueline\app\Controllers\Usuario_crud_controller.php(91): view('back/administra...', Array)
#5 C:\xampp\htdocs\jacqueline\system\CodeIgniter.php(832): App\Controllers\Usuario_crud_controller->fetch_single_data('public', 'assets', 'img', 'A.jpg')
#6 C:\xampp\htdocs\jacqueline\system\CodeIgniter.php(419): CodeIgniter\CodeIgniter->runController(Object(App\Controllers\Usuario_crud_controller))
#7 C:\xampp\htdocs\jacqueline\system\CodeIgniter.php(326): CodeIgniter\CodeIgniter->handleRequest(NULL, Object(Config\Cache), false)
#8 C:\xampp\htdocs\jacqueline\index.php(37): CodeIgniter\CodeIgniter->run()
#9 {main}
CRITICAL - 2022-06-08 17:39:26 --> Trying to access array offset on value of type null
#0 C:\xampp\htdocs\jacqueline\app\Views\back\administrador\modificarUser.php(17): CodeIgniter\Debug\Exceptions->errorHandler(8, 'Trying to acces...', 'C:\\xampp\\htdocs...', 17, Array)
#1 C:\xampp\htdocs\jacqueline\system\View\View.php(210): include('C:\\xampp\\htdocs...')
#2 C:\xampp\htdocs\jacqueline\system\View\View.php(213): CodeIgniter\View\View->CodeIgniter\View\{closure}()
#3 C:\xampp\htdocs\jacqueline\system\Common.php(1089): CodeIgniter\View\View->render('back/administra...', Array, true)
#4 C:\xampp\htdocs\jacqueline\app\Controllers\Usuario_crud_controller.php(91): view('back/administra...', Array)
#5 C:\xampp\htdocs\jacqueline\system\CodeIgniter.php(832): App\Controllers\Usuario_crud_controller->fetch_single_data('1')
#6 C:\xampp\htdocs\jacqueline\system\CodeIgniter.php(419): CodeIgniter\CodeIgniter->runController(Object(App\Controllers\Usuario_crud_controller))
#7 C:\xampp\htdocs\jacqueline\system\CodeIgniter.php(326): CodeIgniter\CodeIgniter->handleRequest(NULL, Object(Config\Cache), false)
#8 C:\xampp\htdocs\jacqueline\index.php(37): CodeIgniter\CodeIgniter->run()
#9 {main}
CRITICAL - 2022-06-08 17:39:26 --> Trying to access array offset on value of type null
#0 C:\xampp\htdocs\jacqueline\app\Views\back\administrador\modificarUser.php(17): CodeIgniter\Debug\Exceptions->errorHandler(8, 'Trying to acces...', 'C:\\xampp\\htdocs...', 17, Array)
#1 C:\xampp\htdocs\jacqueline\system\View\View.php(210): include('C:\\xampp\\htdocs...')
#2 C:\xampp\htdocs\jacqueline\system\View\View.php(213): CodeIgniter\View\View->CodeIgniter\View\{closure}()
#3 C:\xampp\htdocs\jacqueline\system\Common.php(1089): CodeIgniter\View\View->render('back/administra...', Array, true)
#4 C:\xampp\htdocs\jacqueline\app\Controllers\Usuario_crud_controller.php(91): view('back/administra...', Array)
#5 C:\xampp\htdocs\jacqueline\system\CodeIgniter.php(832): App\Controllers\Usuario_crud_controller->fetch_single_data('public', 'assets', 'css', 'bootstrap.min.c...')
#6 C:\xampp\htdocs\jacqueline\system\CodeIgniter.php(419): CodeIgniter\CodeIgniter->runController(Object(App\Controllers\Usuario_crud_controller))
#7 C:\xampp\htdocs\jacqueline\system\CodeIgniter.php(326): CodeIgniter\CodeIgniter->handleRequest(NULL, Object(Config\Cache), false)
#8 C:\xampp\htdocs\jacqueline\index.php(37): CodeIgniter\CodeIgniter->run()
#9 {main}
CRITICAL - 2022-06-08 17:39:27 --> Trying to access array offset on value of type null
#0 C:\xampp\htdocs\jacqueline\app\Views\back\administrador\modificarUser.php(17): CodeIgniter\Debug\Exceptions->errorHandler(8, 'Trying to acces...', 'C:\\xampp\\htdocs...', 17, Array)
#1 C:\xampp\htdocs\jacqueline\system\View\View.php(210): include('C:\\xampp\\htdocs...')
#2 C:\xampp\htdocs\jacqueline\system\View\View.php(213): CodeIgniter\View\View->CodeIgniter\View\{closure}()
#3 C:\xampp\htdocs\jacqueline\system\Common.php(1089): CodeIgniter\View\View->render('back/administra...', Array, true)
#4 C:\xampp\htdocs\jacqueline\app\Controllers\Usuario_crud_controller.php(91): view('back/administra...', Array)
#5 C:\xampp\htdocs\jacqueline\system\CodeIgniter.php(832): App\Controllers\Usuario_crud_controller->fetch_single_data('public', 'assets', 'img', 'A.jpg')
#6 C:\xampp\htdocs\jacqueline\system\CodeIgniter.php(419): CodeIgniter\CodeIgniter->runController(Object(App\Controllers\Usuario_crud_controller))
#7 C:\xampp\htdocs\jacqueline\system\CodeIgniter.php(326): CodeIgniter\CodeIgniter->handleRequest(NULL, Object(Config\Cache), false)
#8 C:\xampp\htdocs\jacqueline\index.php(37): CodeIgniter\CodeIgniter->run()
#9 {main}
CRITICAL - 2022-06-08 18:05:32 --> Undefined index: gender
#0 C:\xampp\htdocs\jacqueline\app\Views\back\administrador\modificarUser.php(83): CodeIgniter\Debug\Exceptions->errorHandler(8, 'Undefined index...', 'C:\\xampp\\htdocs...', 83, Array)
#1 C:\xampp\htdocs\jacqueline\system\View\View.php(210): include('C:\\xampp\\htdocs...')
#2 C:\xampp\htdocs\jacqueline\system\View\View.php(213): CodeIgniter\View\View->CodeIgniter\View\{closure}()
#3 C:\xampp\htdocs\jacqueline\system\Common.php(1089): CodeIgniter\View\View->render('back/administra...', Array, true)
#4 C:\xampp\htdocs\jacqueline\app\Controllers\Usuario_crud_controller.php(91): view('back/administra...', Array)
#5 C:\xampp\htdocs\jacqueline\system\CodeIgniter.php(832): App\Controllers\Usuario_crud_controller->fetch_single_data('7')
#6 C:\xampp\htdocs\jacqueline\system\CodeIgniter.php(419): CodeIgniter\CodeIgniter->runController(Object(App\Controllers\Usuario_crud_controller))
#7 C:\xampp\htdocs\jacqueline\system\CodeIgniter.php(326): CodeIgniter\CodeIgniter->handleRequest(NULL, Object(Config\Cache), false)
#8 C:\xampp\htdocs\jacqueline\index.php(37): CodeIgniter\CodeIgniter->run()
#9 {main}
CRITICAL - 2022-06-08 18:05:33 --> Trying to access array offset on value of type null
#0 C:\xampp\htdocs\jacqueline\app\Views\back\administrador\modificarUser.php(17): CodeIgniter\Debug\Exceptions->errorHandler(8, 'Trying to acces...', 'C:\\xampp\\htdocs...', 17, Array)
#1 C:\xampp\htdocs\jacqueline\system\View\View.php(210): include('C:\\xampp\\htdocs...')
#2 C:\xampp\htdocs\jacqueline\system\View\View.php(213): CodeIgniter\View\View->CodeIgniter\View\{closure}()
#3 C:\xampp\htdocs\jacqueline\system\Common.php(1089): CodeIgniter\View\View->render('back/administra...', Array, true)
#4 C:\xampp\htdocs\jacqueline\app\Controllers\Usuario_crud_controller.php(91): view('back/administra...', Array)
#5 C:\xampp\htdocs\jacqueline\system\CodeIgniter.php(832): App\Controllers\Usuario_crud_controller->fetch_single_data('public', 'assets', 'css', 'bootstrap.min.c...')
#6 C:\xampp\htdocs\jacqueline\system\CodeIgniter.php(419): CodeIgniter\CodeIgniter->runController(Object(App\Controllers\Usuario_crud_controller))
#7 C:\xampp\htdocs\jacqueline\system\CodeIgniter.php(326): CodeIgniter\CodeIgniter->handleRequest(NULL, Object(Config\Cache), false)
#8 C:\xampp\htdocs\jacqueline\index.php(37): CodeIgniter\CodeIgniter->run()
#9 {main}
CRITICAL - 2022-06-08 18:05:33 --> Trying to access array offset on value of type null
#0 C:\xampp\htdocs\jacqueline\app\Views\back\administrador\modificarUser.php(17): CodeIgniter\Debug\Exceptions->errorHandler(8, 'Trying to acces...', 'C:\\xampp\\htdocs...', 17, Array)
#1 C:\xampp\htdocs\jacqueline\system\View\View.php(210): include('C:\\xampp\\htdocs...')
#2 C:\xampp\htdocs\jacqueline\system\View\View.php(213): CodeIgniter\View\View->CodeIgniter\View\{closure}()
#3 C:\xampp\htdocs\jacqueline\system\Common.php(1089): CodeIgniter\View\View->render('back/administra...', Array, true)
#4 C:\xampp\htdocs\jacqueline\app\Controllers\Usuario_crud_controller.php(91): view('back/administra...', Array)
#5 C:\xampp\htdocs\jacqueline\system\CodeIgniter.php(832): App\Controllers\Usuario_crud_controller->fetch_single_data('public', 'assets', 'img', 'A.jpg')
#6 C:\xampp\htdocs\jacqueline\system\CodeIgniter.php(419): CodeIgniter\CodeIgniter->runController(Object(App\Controllers\Usuario_crud_controller))
#7 C:\xampp\htdocs\jacqueline\system\CodeIgniter.php(326): CodeIgniter\CodeIgniter->handleRequest(NULL, Object(Config\Cache), false)
#8 C:\xampp\htdocs\jacqueline\index.php(37): CodeIgniter\CodeIgniter->run()
#9 {main}
