CRITICAL - 2022-06-16 00:10:30 --> Invalid file: front/administrador/productoLista.php
#0 C:\xampp\htdocs\jacqueline\system\View\View.php(198): CodeIgniter\Exceptions\FrameworkException::forInvalidFile('front/administr...')
#1 C:\xampp\htdocs\jacqueline\system\Common.php(1089): CodeIgniter\View\View->render('front/administr...', Array, true)
#2 C:\xampp\htdocs\jacqueline\app\Controllers\Producto_controller.php(206): view('front/administr...', Array)
#3 C:\xampp\htdocs\jacqueline\system\CodeIgniter.php(832): App\Controllers\Producto_controller->guardarProd()
#4 C:\xampp\htdocs\jacqueline\system\CodeIgniter.php(419): CodeIgniter\CodeIgniter->runController(Object(App\Controllers\Producto_controller))
#5 C:\xampp\htdocs\jacqueline\system\CodeIgniter.php(326): CodeIgniter\CodeIgniter->handleRequest(NULL, Object(Config\Cache), false)
#6 C:\xampp\htdocs\jacqueline\index.php(37): CodeIgniter\CodeIgniter->run()
#7 {main}
CRITICAL - 2022-06-16 00:20:25 --> Undefined variable: descripcion
#0 C:\xampp\htdocs\jacqueline\app\Views\back\administrador\productoInactivos.php(35): CodeIgniter\Debug\Exceptions->errorHandler(8, 'Undefined varia...', 'C:\\xampp\\htdocs...', 35, Array)
#1 C:\xampp\htdocs\jacqueline\system\View\View.php(210): include('C:\\xampp\\htdocs...')
#2 C:\xampp\htdocs\jacqueline\system\View\View.php(213): CodeIgniter\View\View->CodeIgniter\View\{closure}()
#3 C:\xampp\htdocs\jacqueline\system\Common.php(1089): CodeIgniter\View\View->render('back/administra...', Array, true)
#4 C:\xampp\htdocs\jacqueline\app\Controllers\Producto_controller.php(35): view('back/administra...', Array)
#5 C:\xampp\htdocs\jacqueline\system\CodeIgniter.php(832): App\Controllers\Producto_controller->productosInactivos()
#6 C:\xampp\htdocs\jacqueline\system\CodeIgniter.php(419): CodeIgniter\CodeIgniter->runController(Object(App\Controllers\Producto_controller))
#7 C:\xampp\htdocs\jacqueline\system\CodeIgniter.php(326): CodeIgniter\CodeIgniter->handleRequest(NULL, Object(Config\Cache), false)
#8 C:\xampp\htdocs\jacqueline\index.php(37): CodeIgniter\CodeIgniter->run()
#9 {main}
CRITICAL - 2022-06-16 00:45:57 --> syntax error, unexpected end of file
#0 C:\xampp\htdocs\jacqueline\system\View\View.php(213): CodeIgniter\View\View->CodeIgniter\View\{closure}()
#1 C:\xampp\htdocs\jacqueline\system\Common.php(1089): CodeIgniter\View\View->render('back/cliente/mi...', Array, true)
#2 C:\xampp\htdocs\jacqueline\app\Controllers\Home.php(42): view('back/cliente/mi...')
#3 C:\xampp\htdocs\jacqueline\system\CodeIgniter.php(832): App\Controllers\Home->catalogoBD()
#4 C:\xampp\htdocs\jacqueline\system\CodeIgniter.php(419): CodeIgniter\CodeIgniter->runController(Object(App\Controllers\Home))
#5 C:\xampp\htdocs\jacqueline\system\CodeIgniter.php(326): CodeIgniter\CodeIgniter->handleRequest(NULL, Object(Config\Cache), false)
#6 C:\xampp\htdocs\jacqueline\index.php(37): CodeIgniter\CodeIgniter->run()
#7 {main}
CRITICAL - 2022-06-16 13:39:50 --> syntax error, unexpected end of file
#0 C:\xampp\htdocs\jacqueline\system\View\View.php(213): CodeIgniter\View\View->CodeIgniter\View\{closure}()
#1 C:\xampp\htdocs\jacqueline\system\Common.php(1089): CodeIgniter\View\View->render('back/cliente/mi...', Array, true)
#2 C:\xampp\htdocs\jacqueline\app\Controllers\Home.php(42): view('back/cliente/mi...')
#3 C:\xampp\htdocs\jacqueline\system\CodeIgniter.php(832): App\Controllers\Home->catalogoBD()
#4 C:\xampp\htdocs\jacqueline\system\CodeIgniter.php(419): CodeIgniter\CodeIgniter->runController(Object(App\Controllers\Home))
#5 C:\xampp\htdocs\jacqueline\system\CodeIgniter.php(326): CodeIgniter\CodeIgniter->handleRequest(NULL, Object(Config\Cache), false)
#6 C:\xampp\htdocs\jacqueline\index.php(37): CodeIgniter\CodeIgniter->run()
#7 {main}
CRITICAL - 2022-06-16 13:47:47 --> Call to a member function getRandomName() on null
#0 C:\xampp\htdocs\jacqueline\system\CodeIgniter.php(832): App\Controllers\Producto_controller->edit_validation()
#1 C:\xampp\htdocs\jacqueline\system\CodeIgniter.php(419): CodeIgniter\CodeIgniter->runController(Object(App\Controllers\Producto_controller))
#2 C:\xampp\htdocs\jacqueline\system\CodeIgniter.php(326): CodeIgniter\CodeIgniter->handleRequest(NULL, Object(Config\Cache), false)
#3 C:\xampp\htdocs\jacqueline\index.php(37): CodeIgniter\CodeIgniter->run()
#4 {main}
CRITICAL - 2022-06-16 13:57:55 --> Call to a member function isValid() on null
#0 C:\xampp\htdocs\jacqueline\system\CodeIgniter.php(832): App\Controllers\Producto_controller->edit_validation()
#1 C:\xampp\htdocs\jacqueline\system\CodeIgniter.php(419): CodeIgniter\CodeIgniter->runController(Object(App\Controllers\Producto_controller))
#2 C:\xampp\htdocs\jacqueline\system\CodeIgniter.php(326): CodeIgniter\CodeIgniter->handleRequest(NULL, Object(Config\Cache), false)
#3 C:\xampp\htdocs\jacqueline\index.php(37): CodeIgniter\CodeIgniter->run()
#4 {main}
CRITICAL - 2022-06-16 14:05:19 --> Call to a member function isValid() on null
#0 C:\xampp\htdocs\jacqueline\system\CodeIgniter.php(832): App\Controllers\Producto_controller->edit_validation()
#1 C:\xampp\htdocs\jacqueline\system\CodeIgniter.php(419): CodeIgniter\CodeIgniter->runController(Object(App\Controllers\Producto_controller))
#2 C:\xampp\htdocs\jacqueline\system\CodeIgniter.php(326): CodeIgniter\CodeIgniter->handleRequest(NULL, Object(Config\Cache), false)
#3 C:\xampp\htdocs\jacqueline\index.php(37): CodeIgniter\CodeIgniter->run()
#4 {main}
CRITICAL - 2022-06-16 14:05:37 --> Call to a member function isValid() on null
#0 C:\xampp\htdocs\jacqueline\system\CodeIgniter.php(832): App\Controllers\Producto_controller->edit_validation()
#1 C:\xampp\htdocs\jacqueline\system\CodeIgniter.php(419): CodeIgniter\CodeIgniter->runController(Object(App\Controllers\Producto_controller))
#2 C:\xampp\htdocs\jacqueline\system\CodeIgniter.php(326): CodeIgniter\CodeIgniter->handleRequest(NULL, Object(Config\Cache), false)
#3 C:\xampp\htdocs\jacqueline\index.php(37): CodeIgniter\CodeIgniter->run()
#4 {main}
CRITICAL - 2022-06-16 14:07:10 --> Call to a member function isValid() on null
#0 C:\xampp\htdocs\jacqueline\system\CodeIgniter.php(832): App\Controllers\Producto_controller->edit_validation()
#1 C:\xampp\htdocs\jacqueline\system\CodeIgniter.php(419): CodeIgniter\CodeIgniter->runController(Object(App\Controllers\Producto_controller))
#2 C:\xampp\htdocs\jacqueline\system\CodeIgniter.php(326): CodeIgniter\CodeIgniter->handleRequest(NULL, Object(Config\Cache), false)
#3 C:\xampp\htdocs\jacqueline\index.php(37): CodeIgniter\CodeIgniter->run()
#4 {main}
CRITICAL - 2022-06-16 14:09:02 --> Call to a member function isValid() on null
#0 C:\xampp\htdocs\jacqueline\system\CodeIgniter.php(832): App\Controllers\Producto_controller->edit_validation()
#1 C:\xampp\htdocs\jacqueline\system\CodeIgniter.php(419): CodeIgniter\CodeIgniter->runController(Object(App\Controllers\Producto_controller))
#2 C:\xampp\htdocs\jacqueline\system\CodeIgniter.php(326): CodeIgniter\CodeIgniter->handleRequest(NULL, Object(Config\Cache), false)
#3 C:\xampp\htdocs\jacqueline\index.php(37): CodeIgniter\CodeIgniter->run()
#4 {main}
CRITICAL - 2022-06-16 14:21:41 --> Call to a member function isValid() on null
#0 C:\xampp\htdocs\jacqueline\system\CodeIgniter.php(832): App\Controllers\Producto_controller->edit_validation()
#1 C:\xampp\htdocs\jacqueline\system\CodeIgniter.php(419): CodeIgniter\CodeIgniter->runController(Object(App\Controllers\Producto_controller))
#2 C:\xampp\htdocs\jacqueline\system\CodeIgniter.php(326): CodeIgniter\CodeIgniter->handleRequest(NULL, Object(Config\Cache), false)
#3 C:\xampp\htdocs\jacqueline\index.php(37): CodeIgniter\CodeIgniter->run()
#4 {main}
CRITICAL - 2022-06-16 14:38:42 --> Call to a member function isValid() on null
#0 C:\xampp\htdocs\jacqueline\system\CodeIgniter.php(832): App\Controllers\Producto_controller->edit_validation()
#1 C:\xampp\htdocs\jacqueline\system\CodeIgniter.php(419): CodeIgniter\CodeIgniter->runController(Object(App\Controllers\Producto_controller))
#2 C:\xampp\htdocs\jacqueline\system\CodeIgniter.php(326): CodeIgniter\CodeIgniter->handleRequest(NULL, Object(Config\Cache), false)
#3 C:\xampp\htdocs\jacqueline\index.php(37): CodeIgniter\CodeIgniter->run()
#4 {main}
CRITICAL - 2022-06-16 14:44:03 --> Call to a member function isValid() on null
#0 C:\xampp\htdocs\jacqueline\system\CodeIgniter.php(832): App\Controllers\Producto_controller->edit_validation()
#1 C:\xampp\htdocs\jacqueline\system\CodeIgniter.php(419): CodeIgniter\CodeIgniter->runController(Object(App\Controllers\Producto_controller))
#2 C:\xampp\htdocs\jacqueline\system\CodeIgniter.php(326): CodeIgniter\CodeIgniter->handleRequest(NULL, Object(Config\Cache), false)
#3 C:\xampp\htdocs\jacqueline\index.php(37): CodeIgniter\CodeIgniter->run()
#4 {main}
CRITICAL - 2022-06-16 14:50:22 --> Call to a member function isValid() on string
#0 C:\xampp\htdocs\jacqueline\system\CodeIgniter.php(832): App\Controllers\Producto_controller->edit_validation()
#1 C:\xampp\htdocs\jacqueline\system\CodeIgniter.php(419): CodeIgniter\CodeIgniter->runController(Object(App\Controllers\Producto_controller))
#2 C:\xampp\htdocs\jacqueline\system\CodeIgniter.php(326): CodeIgniter\CodeIgniter->handleRequest(NULL, Object(Config\Cache), false)
#3 C:\xampp\htdocs\jacqueline\index.php(37): CodeIgniter\CodeIgniter->run()
#4 {main}
CRITICAL - 2022-06-16 15:13:47 --> Call to a member function isValid() on null
#0 C:\xampp\htdocs\jacqueline\system\CodeIgniter.php(832): App\Controllers\Producto_controller->edit_validation()
#1 C:\xampp\htdocs\jacqueline\system\CodeIgniter.php(419): CodeIgniter\CodeIgniter->runController(Object(App\Controllers\Producto_controller))
#2 C:\xampp\htdocs\jacqueline\system\CodeIgniter.php(326): CodeIgniter\CodeIgniter->handleRequest(NULL, Object(Config\Cache), false)
#3 C:\xampp\htdocs\jacqueline\index.php(37): CodeIgniter\CodeIgniter->run()
#4 {main}
CRITICAL - 2022-06-16 21:36:40 --> Undefined property: App\Controllers\Producto_controller::$productos
#0 C:\xampp\htdocs\jacqueline\app\Controllers\Producto_controller.php(117): CodeIgniter\Debug\Exceptions->errorHandler(8, 'Undefined prope...', 'C:\\xampp\\htdocs...', 117, Array)
#1 C:\xampp\htdocs\jacqueline\system\CodeIgniter.php(832): App\Controllers\Producto_controller->edit_validation()
#2 C:\xampp\htdocs\jacqueline\system\CodeIgniter.php(419): CodeIgniter\CodeIgniter->runController(Object(App\Controllers\Producto_controller))
#3 C:\xampp\htdocs\jacqueline\system\CodeIgniter.php(326): CodeIgniter\CodeIgniter->handleRequest(NULL, Object(Config\Cache), false)
#4 C:\xampp\htdocs\jacqueline\index.php(37): CodeIgniter\CodeIgniter->run()
#5 {main}
CRITICAL - 2022-06-16 21:48:03 --> Undefined property: App\Controllers\Producto_controller::$productos
#0 C:\xampp\htdocs\jacqueline\app\Controllers\Producto_controller.php(117): CodeIgniter\Debug\Exceptions->errorHandler(8, 'Undefined prope...', 'C:\\xampp\\htdocs...', 117, Array)
#1 C:\xampp\htdocs\jacqueline\system\CodeIgniter.php(832): App\Controllers\Producto_controller->edit_validation()
#2 C:\xampp\htdocs\jacqueline\system\CodeIgniter.php(419): CodeIgniter\CodeIgniter->runController(Object(App\Controllers\Producto_controller))
#3 C:\xampp\htdocs\jacqueline\system\CodeIgniter.php(326): CodeIgniter\CodeIgniter->handleRequest(NULL, Object(Config\Cache), false)
#4 C:\xampp\htdocs\jacqueline\index.php(37): CodeIgniter\CodeIgniter->run()
#5 {main}
CRITICAL - 2022-06-16 21:52:03 --> Undefined property: App\Controllers\Producto_controller::$productos
#0 C:\xampp\htdocs\jacqueline\app\Controllers\Producto_controller.php(118): CodeIgniter\Debug\Exceptions->errorHandler(8, 'Undefined prope...', 'C:\\xampp\\htdocs...', 118, Array)
#1 C:\xampp\htdocs\jacqueline\system\CodeIgniter.php(832): App\Controllers\Producto_controller->edit_validation()
#2 C:\xampp\htdocs\jacqueline\system\CodeIgniter.php(419): CodeIgniter\CodeIgniter->runController(Object(App\Controllers\Producto_controller))
#3 C:\xampp\htdocs\jacqueline\system\CodeIgniter.php(326): CodeIgniter\CodeIgniter->handleRequest(NULL, Object(Config\Cache), false)
#4 C:\xampp\htdocs\jacqueline\index.php(37): CodeIgniter\CodeIgniter->run()
#5 {main}
