CRITICAL - 2022-06-03 14:06:12 --> Cannot use object of type stdClass as array
#0 C:\xampp\htdocs\jacqueline\system\View\View.php(210): include()
#1 C:\xampp\htdocs\jacqueline\system\View\View.php(213): CodeIgniter\View\View->CodeIgniter\View\{closure}()
#2 C:\xampp\htdocs\jacqueline\system\Common.php(1089): CodeIgniter\View\View->render('back/administra...', Array, true)
#3 C:\xampp\htdocs\jacqueline\app\Controllers\Usuario_crud_controller.php(21): view('back/administra...', Array)
#4 C:\xampp\htdocs\jacqueline\system\CodeIgniter.php(832): App\Controllers\Usuario_crud_controller->miAdmVerUsuariosActivos()
#5 C:\xampp\htdocs\jacqueline\system\CodeIgniter.php(419): CodeIgniter\CodeIgniter->runController(Object(App\Controllers\Usuario_crud_controller))
#6 C:\xampp\htdocs\jacqueline\system\CodeIgniter.php(326): CodeIgniter\CodeIgniter->handleRequest(NULL, Object(Config\Cache), false)
#7 C:\xampp\htdocs\jacqueline\index.php(37): CodeIgniter\CodeIgniter->run()
#8 {main}
CRITICAL - 2022-06-03 14:57:56 --> Cannot use object of type stdClass as array
#0 C:\xampp\htdocs\jacqueline\system\View\View.php(210): include()
#1 C:\xampp\htdocs\jacqueline\system\View\View.php(213): CodeIgniter\View\View->CodeIgniter\View\{closure}()
#2 C:\xampp\htdocs\jacqueline\system\Common.php(1089): CodeIgniter\View\View->render('back/administra...', Array, true)
#3 C:\xampp\htdocs\jacqueline\app\Controllers\Usuario_crud_controller.php(21): view('back/administra...', Array)
#4 C:\xampp\htdocs\jacqueline\system\CodeIgniter.php(832): App\Controllers\Usuario_crud_controller->miAdmVerUsuariosActivos()
#5 C:\xampp\htdocs\jacqueline\system\CodeIgniter.php(419): CodeIgniter\CodeIgniter->runController(Object(App\Controllers\Usuario_crud_controller))
#6 C:\xampp\htdocs\jacqueline\system\CodeIgniter.php(326): CodeIgniter\CodeIgniter->handleRequest(NULL, Object(Config\Cache), false)
#7 C:\xampp\htdocs\jacqueline\index.php(37): CodeIgniter\CodeIgniter->run()
#8 {main}
