CRITICAL - 2022-06-11 16:07:19 --> Array to string conversion
#0 C:\xampp\htdocs\jacqueline\app\Controllers\Login_controller.php(26): CodeIgniter\Debug\Exceptions->errorHandler(8, 'Array to string...', 'C:\\xampp\\htdocs...', 26, Array)
#1 C:\xampp\htdocs\jacqueline\system\CodeIgniter.php(832): App\Controllers\Login_controller->auth()
#2 C:\xampp\htdocs\jacqueline\system\CodeIgniter.php(419): CodeIgniter\CodeIgniter->runController(Object(App\Controllers\Login_controller))
#3 C:\xampp\htdocs\jacqueline\system\CodeIgniter.php(326): CodeIgniter\CodeIgniter->handleRequest(NULL, Object(Config\Cache), false)
#4 C:\xampp\htdocs\jacqueline\index.php(37): CodeIgniter\CodeIgniter->run()
#5 {main}
CRITICAL - 2022-06-11 16:16:15 --> Array to string conversion
#0 C:\xampp\htdocs\jacqueline\app\Controllers\Login_controller.php(26): CodeIgniter\Debug\Exceptions->errorHandler(8, 'Array to string...', 'C:\\xampp\\htdocs...', 26, Array)
#1 C:\xampp\htdocs\jacqueline\system\CodeIgniter.php(832): App\Controllers\Login_controller->auth()
#2 C:\xampp\htdocs\jacqueline\system\CodeIgniter.php(419): CodeIgniter\CodeIgniter->runController(Object(App\Controllers\Login_controller))
#3 C:\xampp\htdocs\jacqueline\system\CodeIgniter.php(326): CodeIgniter\CodeIgniter->handleRequest(NULL, Object(Config\Cache), false)
#4 C:\xampp\htdocs\jacqueline\index.php(37): CodeIgniter\CodeIgniter->run()
#5 {main}
CRITICAL - 2022-06-11 16:19:18 --> Undefined offset: 0
#0 C:\xampp\htdocs\jacqueline\app\Controllers\Login_controller.php(26): CodeIgniter\Debug\Exceptions->errorHandler(8, 'Undefined offse...', 'C:\\xampp\\htdocs...', 26, Array)
#1 C:\xampp\htdocs\jacqueline\system\CodeIgniter.php(832): App\Controllers\Login_controller->auth()
#2 C:\xampp\htdocs\jacqueline\system\CodeIgniter.php(419): CodeIgniter\CodeIgniter->runController(Object(App\Controllers\Login_controller))
#3 C:\xampp\htdocs\jacqueline\system\CodeIgniter.php(326): CodeIgniter\CodeIgniter->handleRequest(NULL, Object(Config\Cache), false)
#4 C:\xampp\htdocs\jacqueline\index.php(37): CodeIgniter\CodeIgniter->run()
#5 {main}
CRITICAL - 2022-06-11 16:20:18 --> Array to string conversion
#0 C:\xampp\htdocs\jacqueline\app\Controllers\Login_controller.php(26): CodeIgniter\Debug\Exceptions->errorHandler(8, 'Array to string...', 'C:\\xampp\\htdocs...', 26, Array)
#1 C:\xampp\htdocs\jacqueline\system\CodeIgniter.php(832): App\Controllers\Login_controller->auth()
#2 C:\xampp\htdocs\jacqueline\system\CodeIgniter.php(419): CodeIgniter\CodeIgniter->runController(Object(App\Controllers\Login_controller))
#3 C:\xampp\htdocs\jacqueline\system\CodeIgniter.php(326): CodeIgniter\CodeIgniter->handleRequest(NULL, Object(Config\Cache), false)
#4 C:\xampp\htdocs\jacqueline\index.php(37): CodeIgniter\CodeIgniter->run()
#5 {main}
CRITICAL - 2022-06-11 16:22:31 --> Array to string conversion
#0 C:\xampp\htdocs\jacqueline\app\Controllers\Login_controller.php(26): CodeIgniter\Debug\Exceptions->errorHandler(8, 'Array to string...', 'C:\\xampp\\htdocs...', 26, Array)
#1 C:\xampp\htdocs\jacqueline\system\CodeIgniter.php(832): App\Controllers\Login_controller->auth()
#2 C:\xampp\htdocs\jacqueline\system\CodeIgniter.php(419): CodeIgniter\CodeIgniter->runController(Object(App\Controllers\Login_controller))
#3 C:\xampp\htdocs\jacqueline\system\CodeIgniter.php(326): CodeIgniter\CodeIgniter->handleRequest(NULL, Object(Config\Cache), false)
#4 C:\xampp\htdocs\jacqueline\index.php(37): CodeIgniter\CodeIgniter->run()
#5 {main}
CRITICAL - 2022-06-11 16:22:43 --> Array to string conversion
#0 C:\xampp\htdocs\jacqueline\app\Controllers\Login_controller.php(26): CodeIgniter\Debug\Exceptions->errorHandler(8, 'Array to string...', 'C:\\xampp\\htdocs...', 26, Array)
#1 C:\xampp\htdocs\jacqueline\system\CodeIgniter.php(832): App\Controllers\Login_controller->auth()
#2 C:\xampp\htdocs\jacqueline\system\CodeIgniter.php(419): CodeIgniter\CodeIgniter->runController(Object(App\Controllers\Login_controller))
#3 C:\xampp\htdocs\jacqueline\system\CodeIgniter.php(326): CodeIgniter\CodeIgniter->handleRequest(NULL, Object(Config\Cache), false)
#4 C:\xampp\htdocs\jacqueline\index.php(37): CodeIgniter\CodeIgniter->run()
#5 {main}
CRITICAL - 2022-06-11 16:22:57 --> Array to string conversion
#0 C:\xampp\htdocs\jacqueline\app\Controllers\Login_controller.php(26): CodeIgniter\Debug\Exceptions->errorHandler(8, 'Array to string...', 'C:\\xampp\\htdocs...', 26, Array)
#1 C:\xampp\htdocs\jacqueline\system\CodeIgniter.php(832): App\Controllers\Login_controller->auth()
#2 C:\xampp\htdocs\jacqueline\system\CodeIgniter.php(419): CodeIgniter\CodeIgniter->runController(Object(App\Controllers\Login_controller))
#3 C:\xampp\htdocs\jacqueline\system\CodeIgniter.php(326): CodeIgniter\CodeIgniter->handleRequest(NULL, Object(Config\Cache), false)
#4 C:\xampp\htdocs\jacqueline\index.php(37): CodeIgniter\CodeIgniter->run()
#5 {main}
CRITICAL - 2022-06-11 16:23:09 --> Array to string conversion
#0 C:\xampp\htdocs\jacqueline\app\Controllers\Login_controller.php(26): CodeIgniter\Debug\Exceptions->errorHandler(8, 'Array to string...', 'C:\\xampp\\htdocs...', 26, Array)
#1 C:\xampp\htdocs\jacqueline\system\CodeIgniter.php(832): App\Controllers\Login_controller->auth()
#2 C:\xampp\htdocs\jacqueline\system\CodeIgniter.php(419): CodeIgniter\CodeIgniter->runController(Object(App\Controllers\Login_controller))
#3 C:\xampp\htdocs\jacqueline\system\CodeIgniter.php(326): CodeIgniter\CodeIgniter->handleRequest(NULL, Object(Config\Cache), false)
#4 C:\xampp\htdocs\jacqueline\index.php(37): CodeIgniter\CodeIgniter->run()
#5 {main}
CRITICAL - 2022-06-11 16:24:12 --> Undefined offset: 0
#0 C:\xampp\htdocs\jacqueline\app\Controllers\Login_controller.php(26): CodeIgniter\Debug\Exceptions->errorHandler(8, 'Undefined offse...', 'C:\\xampp\\htdocs...', 26, Array)
#1 C:\xampp\htdocs\jacqueline\system\CodeIgniter.php(832): App\Controllers\Login_controller->auth()
#2 C:\xampp\htdocs\jacqueline\system\CodeIgniter.php(419): CodeIgniter\CodeIgniter->runController(Object(App\Controllers\Login_controller))
#3 C:\xampp\htdocs\jacqueline\system\CodeIgniter.php(326): CodeIgniter\CodeIgniter->handleRequest(NULL, Object(Config\Cache), false)
#4 C:\xampp\htdocs\jacqueline\index.php(37): CodeIgniter\CodeIgniter->run()
#5 {main}
CRITICAL - 2022-06-11 16:29:05 --> Undefined index: data
#0 C:\xampp\htdocs\jacqueline\app\Controllers\Login_controller.php(26): CodeIgniter\Debug\Exceptions->errorHandler(8, 'Undefined index...', 'C:\\xampp\\htdocs...', 26, Array)
#1 C:\xampp\htdocs\jacqueline\system\CodeIgniter.php(832): App\Controllers\Login_controller->auth()
#2 C:\xampp\htdocs\jacqueline\system\CodeIgniter.php(419): CodeIgniter\CodeIgniter->runController(Object(App\Controllers\Login_controller))
#3 C:\xampp\htdocs\jacqueline\system\CodeIgniter.php(326): CodeIgniter\CodeIgniter->handleRequest(NULL, Object(Config\Cache), false)
#4 C:\xampp\htdocs\jacqueline\index.php(37): CodeIgniter\CodeIgniter->run()
#5 {main}
CRITICAL - 2022-06-11 16:29:23 --> Undefined index: dato
#0 C:\xampp\htdocs\jacqueline\app\Controllers\Login_controller.php(26): CodeIgniter\Debug\Exceptions->errorHandler(8, 'Undefined index...', 'C:\\xampp\\htdocs...', 26, Array)
#1 C:\xampp\htdocs\jacqueline\system\CodeIgniter.php(832): App\Controllers\Login_controller->auth()
#2 C:\xampp\htdocs\jacqueline\system\CodeIgniter.php(419): CodeIgniter\CodeIgniter->runController(Object(App\Controllers\Login_controller))
#3 C:\xampp\htdocs\jacqueline\system\CodeIgniter.php(326): CodeIgniter\CodeIgniter->handleRequest(NULL, Object(Config\Cache), false)
#4 C:\xampp\htdocs\jacqueline\index.php(37): CodeIgniter\CodeIgniter->run()
#5 {main}
CRITICAL - 2022-06-11 16:30:00 --> Undefined index: dato
#0 C:\xampp\htdocs\jacqueline\app\Controllers\Login_controller.php(26): CodeIgniter\Debug\Exceptions->errorHandler(8, 'Undefined index...', 'C:\\xampp\\htdocs...', 26, Array)
#1 C:\xampp\htdocs\jacqueline\system\CodeIgniter.php(832): App\Controllers\Login_controller->auth()
#2 C:\xampp\htdocs\jacqueline\system\CodeIgniter.php(419): CodeIgniter\CodeIgniter->runController(Object(App\Controllers\Login_controller))
#3 C:\xampp\htdocs\jacqueline\system\CodeIgniter.php(326): CodeIgniter\CodeIgniter->handleRequest(NULL, Object(Config\Cache), false)
#4 C:\xampp\htdocs\jacqueline\index.php(37): CodeIgniter\CodeIgniter->run()
#5 {main}
CRITICAL - 2022-06-11 16:30:16 --> Undefined index: dato
#0 C:\xampp\htdocs\jacqueline\app\Controllers\Login_controller.php(26): CodeIgniter\Debug\Exceptions->errorHandler(8, 'Undefined index...', 'C:\\xampp\\htdocs...', 26, Array)
#1 C:\xampp\htdocs\jacqueline\system\CodeIgniter.php(832): App\Controllers\Login_controller->auth()
#2 C:\xampp\htdocs\jacqueline\system\CodeIgniter.php(419): CodeIgniter\CodeIgniter->runController(Object(App\Controllers\Login_controller))
#3 C:\xampp\htdocs\jacqueline\system\CodeIgniter.php(326): CodeIgniter\CodeIgniter->handleRequest(NULL, Object(Config\Cache), false)
#4 C:\xampp\htdocs\jacqueline\index.php(37): CodeIgniter\CodeIgniter->run()
#5 {main}
CRITICAL - 2022-06-11 17:59:05 --> Undefined variable: data1
#0 C:\xampp\htdocs\jacqueline\app\Views\front\contacto.php(16): CodeIgniter\Debug\Exceptions->errorHandler(8, 'Undefined varia...', 'C:\\xampp\\htdocs...', 16, Array)
#1 C:\xampp\htdocs\jacqueline\system\View\View.php(210): include('C:\\xampp\\htdocs...')
#2 C:\xampp\htdocs\jacqueline\system\View\View.php(213): CodeIgniter\View\View->CodeIgniter\View\{closure}()
#3 C:\xampp\htdocs\jacqueline\system\Common.php(1089): CodeIgniter\View\View->render('front/contacto', Array, true)
#4 C:\xampp\htdocs\jacqueline\app\Controllers\Home.php(86): view('front/contacto')
#5 C:\xampp\htdocs\jacqueline\system\CodeIgniter.php(832): App\Controllers\Home->contacto()
#6 C:\xampp\htdocs\jacqueline\system\CodeIgniter.php(419): CodeIgniter\CodeIgniter->runController(Object(App\Controllers\Home))
#7 C:\xampp\htdocs\jacqueline\system\CodeIgniter.php(326): CodeIgniter\CodeIgniter->handleRequest(NULL, Object(Config\Cache), false)
#8 C:\xampp\htdocs\jacqueline\index.php(37): CodeIgniter\CodeIgniter->run()
#9 {main}
CRITICAL - 2022-06-11 18:01:54 --> Undefined variable: data1
#0 C:\xampp\htdocs\jacqueline\app\Views\front\contacto.php(16): CodeIgniter\Debug\Exceptions->errorHandler(8, 'Undefined varia...', 'C:\\xampp\\htdocs...', 16, Array)
#1 C:\xampp\htdocs\jacqueline\system\View\View.php(210): include('C:\\xampp\\htdocs...')
#2 C:\xampp\htdocs\jacqueline\system\View\View.php(213): CodeIgniter\View\View->CodeIgniter\View\{closure}()
#3 C:\xampp\htdocs\jacqueline\system\Common.php(1089): CodeIgniter\View\View->render('front/contacto', Array, true)
#4 C:\xampp\htdocs\jacqueline\app\Controllers\Home.php(86): view('front/contacto')
#5 C:\xampp\htdocs\jacqueline\system\CodeIgniter.php(832): App\Controllers\Home->contacto()
#6 C:\xampp\htdocs\jacqueline\system\CodeIgniter.php(419): CodeIgniter\CodeIgniter->runController(Object(App\Controllers\Home))
#7 C:\xampp\htdocs\jacqueline\system\CodeIgniter.php(326): CodeIgniter\CodeIgniter->handleRequest(NULL, Object(Config\Cache), false)
#8 C:\xampp\htdocs\jacqueline\index.php(37): CodeIgniter\CodeIgniter->run()
#9 {main}
CRITICAL - 2022-06-11 18:02:25 --> Undefined variable: data1
#0 C:\xampp\htdocs\jacqueline\app\Views\front\contacto.php(16): CodeIgniter\Debug\Exceptions->errorHandler(8, 'Undefined varia...', 'C:\\xampp\\htdocs...', 16, Array)
#1 C:\xampp\htdocs\jacqueline\system\View\View.php(210): include('C:\\xampp\\htdocs...')
#2 C:\xampp\htdocs\jacqueline\system\View\View.php(213): CodeIgniter\View\View->CodeIgniter\View\{closure}()
#3 C:\xampp\htdocs\jacqueline\system\Common.php(1089): CodeIgniter\View\View->render('front/contacto', Array, true)
#4 C:\xampp\htdocs\jacqueline\app\Controllers\Home.php(86): view('front/contacto')
#5 C:\xampp\htdocs\jacqueline\system\CodeIgniter.php(832): App\Controllers\Home->contacto()
#6 C:\xampp\htdocs\jacqueline\system\CodeIgniter.php(419): CodeIgniter\CodeIgniter->runController(Object(App\Controllers\Home))
#7 C:\xampp\htdocs\jacqueline\system\CodeIgniter.php(326): CodeIgniter\CodeIgniter->handleRequest(NULL, Object(Config\Cache), false)
#8 C:\xampp\htdocs\jacqueline\index.php(37): CodeIgniter\CodeIgniter->run()
#9 {main}
CRITICAL - 2022-06-11 18:08:49 --> Undefined variable: info
#0 C:\xampp\htdocs\jacqueline\app\Views\front\contacto.php(16): CodeIgniter\Debug\Exceptions->errorHandler(8, 'Undefined varia...', 'C:\\xampp\\htdocs...', 16, Array)
#1 C:\xampp\htdocs\jacqueline\system\View\View.php(210): include('C:\\xampp\\htdocs...')
#2 C:\xampp\htdocs\jacqueline\system\View\View.php(213): CodeIgniter\View\View->CodeIgniter\View\{closure}()
#3 C:\xampp\htdocs\jacqueline\system\Common.php(1089): CodeIgniter\View\View->render('front/contacto', Array, true)
#4 C:\xampp\htdocs\jacqueline\app\Controllers\Home.php(86): view('front/contacto')
#5 C:\xampp\htdocs\jacqueline\system\CodeIgniter.php(832): App\Controllers\Home->contacto()
#6 C:\xampp\htdocs\jacqueline\system\CodeIgniter.php(419): CodeIgniter\CodeIgniter->runController(Object(App\Controllers\Home))
#7 C:\xampp\htdocs\jacqueline\system\CodeIgniter.php(326): CodeIgniter\CodeIgniter->handleRequest(NULL, Object(Config\Cache), false)
#8 C:\xampp\htdocs\jacqueline\index.php(37): CodeIgniter\CodeIgniter->run()
#9 {main}
CRITICAL - 2022-06-11 18:08:57 --> Undefined variable: info
#0 C:\xampp\htdocs\jacqueline\app\Views\front\contacto.php(16): CodeIgniter\Debug\Exceptions->errorHandler(8, 'Undefined varia...', 'C:\\xampp\\htdocs...', 16, Array)
#1 C:\xampp\htdocs\jacqueline\system\View\View.php(210): include('C:\\xampp\\htdocs...')
#2 C:\xampp\htdocs\jacqueline\system\View\View.php(213): CodeIgniter\View\View->CodeIgniter\View\{closure}()
#3 C:\xampp\htdocs\jacqueline\system\Common.php(1089): CodeIgniter\View\View->render('front/contacto', Array, true)
#4 C:\xampp\htdocs\jacqueline\app\Controllers\Home.php(86): view('front/contacto')
#5 C:\xampp\htdocs\jacqueline\system\CodeIgniter.php(832): App\Controllers\Home->contacto()
#6 C:\xampp\htdocs\jacqueline\system\CodeIgniter.php(419): CodeIgniter\CodeIgniter->runController(Object(App\Controllers\Home))
#7 C:\xampp\htdocs\jacqueline\system\CodeIgniter.php(326): CodeIgniter\CodeIgniter->handleRequest(NULL, Object(Config\Cache), false)
#8 C:\xampp\htdocs\jacqueline\index.php(37): CodeIgniter\CodeIgniter->run()
#9 {main}
CRITICAL - 2022-06-11 18:11:09 --> Undefined variable: data1
#0 C:\xampp\htdocs\jacqueline\app\Views\front\contacto.php(16): CodeIgniter\Debug\Exceptions->errorHandler(8, 'Undefined varia...', 'C:\\xampp\\htdocs...', 16, Array)
#1 C:\xampp\htdocs\jacqueline\system\View\View.php(210): include('C:\\xampp\\htdocs...')
#2 C:\xampp\htdocs\jacqueline\system\View\View.php(213): CodeIgniter\View\View->CodeIgniter\View\{closure}()
#3 C:\xampp\htdocs\jacqueline\system\Common.php(1089): CodeIgniter\View\View->render('front/contacto', Array, true)
#4 C:\xampp\htdocs\jacqueline\app\Controllers\Home.php(86): view('front/contacto')
#5 C:\xampp\htdocs\jacqueline\system\CodeIgniter.php(832): App\Controllers\Home->contacto()
#6 C:\xampp\htdocs\jacqueline\system\CodeIgniter.php(419): CodeIgniter\CodeIgniter->runController(Object(App\Controllers\Home))
#7 C:\xampp\htdocs\jacqueline\system\CodeIgniter.php(326): CodeIgniter\CodeIgniter->handleRequest(NULL, Object(Config\Cache), false)
#8 C:\xampp\htdocs\jacqueline\index.php(37): CodeIgniter\CodeIgniter->run()
#9 {main}
CRITICAL - 2022-06-11 18:11:15 --> Undefined variable: data1
#0 C:\xampp\htdocs\jacqueline\app\Views\front\contacto.php(16): CodeIgniter\Debug\Exceptions->errorHandler(8, 'Undefined varia...', 'C:\\xampp\\htdocs...', 16, Array)
#1 C:\xampp\htdocs\jacqueline\system\View\View.php(210): include('C:\\xampp\\htdocs...')
#2 C:\xampp\htdocs\jacqueline\system\View\View.php(213): CodeIgniter\View\View->CodeIgniter\View\{closure}()
#3 C:\xampp\htdocs\jacqueline\system\Common.php(1089): CodeIgniter\View\View->render('front/contacto', Array, true)
#4 C:\xampp\htdocs\jacqueline\app\Controllers\Home.php(86): view('front/contacto')
#5 C:\xampp\htdocs\jacqueline\system\CodeIgniter.php(832): App\Controllers\Home->contacto()
#6 C:\xampp\htdocs\jacqueline\system\CodeIgniter.php(419): CodeIgniter\CodeIgniter->runController(Object(App\Controllers\Home))
#7 C:\xampp\htdocs\jacqueline\system\CodeIgniter.php(326): CodeIgniter\CodeIgniter->handleRequest(NULL, Object(Config\Cache), false)
#8 C:\xampp\htdocs\jacqueline\index.php(37): CodeIgniter\CodeIgniter->run()
#9 {main}
CRITICAL - 2022-06-11 18:14:46 --> Undefined variable: data
#0 C:\xampp\htdocs\jacqueline\app\Views\front\contacto.php(16): CodeIgniter\Debug\Exceptions->errorHandler(8, 'Undefined varia...', 'C:\\xampp\\htdocs...', 16, Array)
#1 C:\xampp\htdocs\jacqueline\system\View\View.php(210): include('C:\\xampp\\htdocs...')
#2 C:\xampp\htdocs\jacqueline\system\View\View.php(213): CodeIgniter\View\View->CodeIgniter\View\{closure}()
#3 C:\xampp\htdocs\jacqueline\system\Common.php(1089): CodeIgniter\View\View->render('front/contacto', Array, true)
#4 C:\xampp\htdocs\jacqueline\app\Controllers\Home.php(86): view('front/contacto')
#5 C:\xampp\htdocs\jacqueline\system\CodeIgniter.php(832): App\Controllers\Home->contacto()
#6 C:\xampp\htdocs\jacqueline\system\CodeIgniter.php(419): CodeIgniter\CodeIgniter->runController(Object(App\Controllers\Home))
#7 C:\xampp\htdocs\jacqueline\system\CodeIgniter.php(326): CodeIgniter\CodeIgniter->handleRequest(NULL, Object(Config\Cache), false)
#8 C:\xampp\htdocs\jacqueline\index.php(37): CodeIgniter\CodeIgniter->run()
#9 {main}
CRITICAL - 2022-06-11 18:16:16 --> Undefined variable: data
#0 C:\xampp\htdocs\jacqueline\app\Views\front\contacto.php(16): CodeIgniter\Debug\Exceptions->errorHandler(8, 'Undefined varia...', 'C:\\xampp\\htdocs...', 16, Array)
#1 C:\xampp\htdocs\jacqueline\system\View\View.php(210): include('C:\\xampp\\htdocs...')
#2 C:\xampp\htdocs\jacqueline\system\View\View.php(213): CodeIgniter\View\View->CodeIgniter\View\{closure}()
#3 C:\xampp\htdocs\jacqueline\system\Common.php(1089): CodeIgniter\View\View->render('front/contacto', Array, true)
#4 C:\xampp\htdocs\jacqueline\app\Controllers\Home.php(87): view('front/contacto', Array)
#5 C:\xampp\htdocs\jacqueline\system\CodeIgniter.php(832): App\Controllers\Home->contacto()
#6 C:\xampp\htdocs\jacqueline\system\CodeIgniter.php(419): CodeIgniter\CodeIgniter->runController(Object(App\Controllers\Home))
#7 C:\xampp\htdocs\jacqueline\system\CodeIgniter.php(326): CodeIgniter\CodeIgniter->handleRequest(NULL, Object(Config\Cache), false)
#8 C:\xampp\htdocs\jacqueline\index.php(37): CodeIgniter\CodeIgniter->run()
#9 {main}
CRITICAL - 2022-06-11 18:19:16 --> Undefined variable: data2
#0 C:\xampp\htdocs\jacqueline\app\Views\front\contacto.php(16): CodeIgniter\Debug\Exceptions->errorHandler(8, 'Undefined varia...', 'C:\\xampp\\htdocs...', 16, Array)
#1 C:\xampp\htdocs\jacqueline\system\View\View.php(210): include('C:\\xampp\\htdocs...')
#2 C:\xampp\htdocs\jacqueline\system\View\View.php(213): CodeIgniter\View\View->CodeIgniter\View\{closure}()
#3 C:\xampp\htdocs\jacqueline\system\Common.php(1089): CodeIgniter\View\View->render('front/contacto', Array, true)
#4 C:\xampp\htdocs\jacqueline\app\Controllers\Home.php(87): view('front/contacto', Array)
#5 C:\xampp\htdocs\jacqueline\system\CodeIgniter.php(832): App\Controllers\Home->contacto()
#6 C:\xampp\htdocs\jacqueline\system\CodeIgniter.php(419): CodeIgniter\CodeIgniter->runController(Object(App\Controllers\Home))
#7 C:\xampp\htdocs\jacqueline\system\CodeIgniter.php(326): CodeIgniter\CodeIgniter->handleRequest(NULL, Object(Config\Cache), false)
#8 C:\xampp\htdocs\jacqueline\index.php(37): CodeIgniter\CodeIgniter->run()
#9 {main}
CRITICAL - 2022-06-11 18:24:48 --> A non-numeric value encountered
#0 C:\xampp\htdocs\jacqueline\app\Views\front\contacto.php(31): CodeIgniter\Debug\Exceptions->errorHandler(2, 'A non-numeric v...', 'C:\\xampp\\htdocs...', 31, Array)
#1 C:\xampp\htdocs\jacqueline\system\View\View.php(210): include('C:\\xampp\\htdocs...')
#2 C:\xampp\htdocs\jacqueline\system\View\View.php(213): CodeIgniter\View\View->CodeIgniter\View\{closure}()
#3 C:\xampp\htdocs\jacqueline\system\Common.php(1089): CodeIgniter\View\View->render('front/contacto', Array, true)
#4 C:\xampp\htdocs\jacqueline\app\Controllers\Home.php(87): view('front/contacto', Array)
#5 C:\xampp\htdocs\jacqueline\system\CodeIgniter.php(832): App\Controllers\Home->contacto()
#6 C:\xampp\htdocs\jacqueline\system\CodeIgniter.php(419): CodeIgniter\CodeIgniter->runController(Object(App\Controllers\Home))
#7 C:\xampp\htdocs\jacqueline\system\CodeIgniter.php(326): CodeIgniter\CodeIgniter->handleRequest(NULL, Object(Config\Cache), false)
#8 C:\xampp\htdocs\jacqueline\index.php(37): CodeIgniter\CodeIgniter->run()
#9 {main}
CRITICAL - 2022-06-11 18:45:10 --> Class 'App\Models\Consulta_model' not found
#0 C:\xampp\htdocs\jacqueline\system\CodeIgniter.php(832): App\Controllers\Consulta_controller->guardar_consulta()
#1 C:\xampp\htdocs\jacqueline\system\CodeIgniter.php(419): CodeIgniter\CodeIgniter->runController(Object(App\Controllers\Consulta_controller))
#2 C:\xampp\htdocs\jacqueline\system\CodeIgniter.php(326): CodeIgniter\CodeIgniter->handleRequest(NULL, Object(Config\Cache), false)
#3 C:\xampp\htdocs\jacqueline\index.php(37): CodeIgniter\CodeIgniter->run()
#4 {main}
CRITICAL - 2022-06-11 18:46:26 --> Class 'App\Models\Consultas_model' not found
#0 C:\xampp\htdocs\jacqueline\system\CodeIgniter.php(832): App\Controllers\Consulta_controller->guardar_consulta()
#1 C:\xampp\htdocs\jacqueline\system\CodeIgniter.php(419): CodeIgniter\CodeIgniter->runController(Object(App\Controllers\Consulta_controller))
#2 C:\xampp\htdocs\jacqueline\system\CodeIgniter.php(326): CodeIgniter\CodeIgniter->handleRequest(NULL, Object(Config\Cache), false)
#3 C:\xampp\htdocs\jacqueline\index.php(37): CodeIgniter\CodeIgniter->run()
#4 {main}
ERROR - 2022-06-11 19:13:31 --> Column 'nya' cannot be null
CRITICAL - 2022-06-11 19:13:31 --> Column 'nya' cannot be null
#0 C:\xampp\htdocs\jacqueline\system\Database\MySQLi\Connection.php(292): mysqli->query('INSERT INTO `co...', 0)
#1 C:\xampp\htdocs\jacqueline\system\Database\BaseConnection.php(670): CodeIgniter\Database\MySQLi\Connection->execute('INSERT INTO `co...')
#2 C:\xampp\htdocs\jacqueline\system\Database\BaseConnection.php(598): CodeIgniter\Database\BaseConnection->simpleQuery('INSERT INTO `co...')
#3 C:\xampp\htdocs\jacqueline\system\Database\BaseBuilder.php(1771): CodeIgniter\Database\BaseConnection->query('INSERT INTO `co...', Array, false)
#4 C:\xampp\htdocs\jacqueline\system\Model.php(239): CodeIgniter\Database\BaseBuilder->insert()
#5 C:\xampp\htdocs\jacqueline\system\BaseModel.php(738): CodeIgniter\Model->doInsert(Array)
#6 C:\xampp\htdocs\jacqueline\system\Model.php(625): CodeIgniter\BaseModel->insert(Array, false)
#7 C:\xampp\htdocs\jacqueline\system\BaseModel.php(658): CodeIgniter\Model->insert(Array, false)
#8 C:\xampp\htdocs\jacqueline\app\Controllers\Consulta_controller.php(27): CodeIgniter\BaseModel->save(Array)
#9 C:\xampp\htdocs\jacqueline\system\CodeIgniter.php(832): App\Controllers\Consulta_controller->guardar_consulta()
#10 C:\xampp\htdocs\jacqueline\system\CodeIgniter.php(419): CodeIgniter\CodeIgniter->runController(Object(App\Controllers\Consulta_controller))
#11 C:\xampp\htdocs\jacqueline\system\CodeIgniter.php(326): CodeIgniter\CodeIgniter->handleRequest(NULL, Object(Config\Cache), false)
#12 C:\xampp\htdocs\jacqueline\index.php(37): CodeIgniter\CodeIgniter->run()
#13 {main}
ERROR - 2022-06-11 19:15:38 --> Column 'nya' cannot be null
CRITICAL - 2022-06-11 19:15:38 --> Column 'nya' cannot be null
#0 C:\xampp\htdocs\jacqueline\system\Database\MySQLi\Connection.php(292): mysqli->query('INSERT INTO `co...', 0)
#1 C:\xampp\htdocs\jacqueline\system\Database\BaseConnection.php(670): CodeIgniter\Database\MySQLi\Connection->execute('INSERT INTO `co...')
#2 C:\xampp\htdocs\jacqueline\system\Database\BaseConnection.php(598): CodeIgniter\Database\BaseConnection->simpleQuery('INSERT INTO `co...')
#3 C:\xampp\htdocs\jacqueline\system\Database\BaseBuilder.php(1771): CodeIgniter\Database\BaseConnection->query('INSERT INTO `co...', Array, false)
#4 C:\xampp\htdocs\jacqueline\system\Model.php(239): CodeIgniter\Database\BaseBuilder->insert()
#5 C:\xampp\htdocs\jacqueline\system\BaseModel.php(738): CodeIgniter\Model->doInsert(Array)
#6 C:\xampp\htdocs\jacqueline\system\Model.php(625): CodeIgniter\BaseModel->insert(Array, false)
#7 C:\xampp\htdocs\jacqueline\system\BaseModel.php(658): CodeIgniter\Model->insert(Array, false)
#8 C:\xampp\htdocs\jacqueline\app\Controllers\Consulta_controller.php(27): CodeIgniter\BaseModel->save(Array)
#9 C:\xampp\htdocs\jacqueline\system\CodeIgniter.php(832): App\Controllers\Consulta_controller->guardar_consulta()
#10 C:\xampp\htdocs\jacqueline\system\CodeIgniter.php(419): CodeIgniter\CodeIgniter->runController(Object(App\Controllers\Consulta_controller))
#11 C:\xampp\htdocs\jacqueline\system\CodeIgniter.php(326): CodeIgniter\CodeIgniter->handleRequest(NULL, Object(Config\Cache), false)
#12 C:\xampp\htdocs\jacqueline\index.php(37): CodeIgniter\CodeIgniter->run()
#13 {main}
